<?xml version="1.0" encoding="UTF-8"?>
<!-- Generated by org.testng.reporters.JUnitReportReporter -->
<testsuite hostname="Feba" failures="0" tests="1" name="Testcases.HomeTest" time="7.957" errors="0" timestamp="2024-08-30T23:24:29 IST" skipped="0">
  <testcase classname="Testcases.HomeTest" name="handling_Popup" time="7.957"/>
  <system-out/>
</testsuite> <!-- Testcases.HomeTest -->
