<?xml version="1.0" encoding="UTF-8"?>
<!-- Generated by org.testng.reporters.JUnitReportReporter -->
<testsuite hostname="Feba" failures="0" tests="4" name="Testcases.StayTest" time="7.130" errors="0" timestamp="2024-09-03T16:05:25 IST" skipped="0">
  <testcase classname="Testcases.StayTest" name="testStayPage" time="0.014"/>
  <system-out/>
  <testcase classname="Testcases.StayTest" name="StayButtonOnClick" time="4.196"/>
  <system-out/>
  <testcase classname="Testcases.StayTest" name="StayDetails" time="2.493"/>
  <system-out/>
  <testcase classname="Testcases.StayTest" name="choose_Location" time="0.427"/>
  <system-out/>
</testsuite> <!-- Testcases.StayTest -->
