<?xml version="1.0" encoding="UTF-8"?>
<!-- Generated by org.testng.reporters.JUnitReportReporter -->
<testsuite hostname="Feba" failures="0" tests="4" name="Testcases.StayTest" time="6.481" errors="0" timestamp="2024-09-03T02:49:37 IST" skipped="0">
  <testcase classname="Testcases.StayTest" name="StayButtonOnClick" time="4.321"/>
  <system-out/>
  <testcase classname="Testcases.StayTest" name="StayDetails" time="1.521"/>
  <system-out/>
  <testcase classname="Testcases.StayTest" name="testStayPage" time="0.006"/>
  <system-out/>
  <testcase classname="Testcases.StayTest" name="choose_Location" time="0.633"/>
  <system-out/>
</testsuite> <!-- Testcases.StayTest -->
