<?xml version="1.0" encoding="UTF-8"?>
<!-- Generated by org.testng.reporters.JUnitReportReporter -->
<testsuite hostname="Feba" failures="0" tests="5" name="Testcases.StayTest" time="6.286" errors="0" timestamp="2024-09-03T19:16:25 IST" skipped="0">
  <testcase classname="Testcases.StayTest" name="StayButtonOnClick" time="4.113"/>
  <system-out/>
  <testcase classname="Testcases.StayTest" name="StayDetails" time="1.110"/>
  <system-out/>
  <testcase classname="Testcases.StayTest" name="testStayPage" time="0.008"/>
  <system-out/>
  <testcase classname="Testcases.StayTest" name="choose_Location" time="0.466"/>
  <system-out/>
  <testcase classname="Testcases.StayTest" name="selectCheckinDate" time="0.589"/>
  <system-out/>
</testsuite> <!-- Testcases.StayTest -->
