<?xml version="1.0" encoding="UTF-8"?>
<!-- Generated by org.testng.reporters.JUnitReportReporter -->
<testsuite hostname="Feba" failures="0" tests="1" name="Testcases.StaySelectDateTest" time="0.004" errors="0" timestamp="2024-09-03T17:54:14 IST" skipped="0">
  <testcase classname="Testcases.StaySelectDateTest" name="selectCheckinDate" time="0.004"/>
  <system-out/>
</testsuite> <!-- Testcases.StaySelectDateTest -->
