<?xml version="1.0" encoding="UTF-8"?>
<!-- Generated by org.testng.reporters.JUnitReportReporter -->
<testsuite hostname="Feba" failures="0" tests="1" name="BasePackage.BaseTest" time="5.347" errors="0" timestamp="2024-08-30T22:58:55 IST" skipped="0">
  <testcase classname="BasePackage.BaseTest" name="setup" time="5.347"/>
  <system-out/>
</testsuite> <!-- BasePackage.BaseTest -->
